Arguments: 
  /usr/bin/nodejs /usr/bin/yarn

PATH: 
  /home/sathish/bin:/home/sathish/.local/bin:/usr/local/sbin:/usr/local/bin:/usr/sbin:/usr/bin:/sbin:/bin:/usr/games:/usr/local/games:/snap/bin:/home/sathish/Android/Sdk/tools:/home/sathish/Android/Sdk/platform-tools

Yarn version: 
  0.16.1

Node version: 
  6.9.1

Platform: 
  linux x64

npm manifest: 
  {
      "scripts": {
          "clean": "rimraf output && rimraf .pulp-cache",
          "build": "jshint src && jscs src && psa \"src/**/*.purs\" \"bower_components/purescript-*/**/*.purs\" --censor-lib --strict",
          "test": "psc \"src/**/*.purs\" \"bower_components/purescript-*/**/*.purs\" \"test/**/*.purs\" && psc-bundle \"output/**/*.js\" --module Test.Main --main Test.Main | node"
      },
      "dependencies": {
          "native-base": "^2.0.8",
          "react": "^15.4.2",
          "react-addons-css-transition-group": "^15.4.2",
          "react-dom": "^15.4.2"
      },
      "devDependencies": {
          "jscs": "^3.0.7",
          "jshint": "^2.9.4",
          "purescript-psa": "^0.3.8",
          "rimraf": "^2.5.0"
      }
  }

yarn manifest: 
  No manifest

bower manifest: 
  {
      "name": "purescript-nativebase",
      "description": "PureScript wrapper for nativebase",
      "keywords": [
          "purescript",
          "nativebase",
          "react"
      ],
      "version": "0.0.1",
      "moduleType": [
          "node"
      ],
      "ignore": [
          "**/.*",
          "node_modules",
          "bower_components",
          "output"
      ],
      "dependencies": {
          "purescript-aff": "^2.0.1",
          "purescript-eff": "^2.0.0",
          "purescript-functions": "^2.0.0",
          "purescript-lists": "^3.1.0",
          "purescript-signal": "^8.0.0",
          "purescript-profunctor": "^2.0.0",
          "purescript-maps": "^2.0.0",
          "purescript-globals": "^2.0.0",
          "purescript-profunctor-lenses": "^2.0.0",
          "purescript-react": "^2.0.0",
          "purescript-coroutines": "^3.0.0",
          "purescript-eff-functions": "^2.0.0",
          "purescript-css": "^2.1.0",
          "purescript-datetime": "^2.1.0"
      },
      "authors": [
          "Sudhir Kumar <s@atomicits.com>",
          "Vishnu Prasad <vishnu@atomicits.com>",
          "Sathish Kumar <sathish@atomicits.com>"
      ],
      "license": "MIT",
      "repository": {
        "type": "git",
        "url": "git://github.com/atomicits/purescript-nativebase.git"
      }
  }

Lockfile: 
  # THIS IS AN AUTOGENERATED FILE. DO NOT EDIT THIS FILE DIRECTLY.
  # yarn lockfile v1
  "@shoutem/animation@^0.8.9":
    version "0.8.10"
    resolved "https://registry.yarnpkg.com/@shoutem/animation/-/animation-0.8.10.tgz#2246709c88ab8c39c3e7ab7f4c212268fb63e52e"
    dependencies:
      hoist-non-react-statics "^1.2.0"
      lodash "^4.15.0"
  
  "@shoutem/theme@git+https://github.com/GeekyAnts/theme.git":
    version "0.8.8"
    resolved "git+https://github.com/GeekyAnts/theme.git#7e04afd0c28f35bb1b9811cb9ef4ae24e1b2f524"
    dependencies:
      hoist-non-react-statics "^1.0.5"
      lodash "^4.10.1"
  
  ansi-regex@^2.0.0:
    version "2.1.1"
    resolved "https://registry.yarnpkg.com/ansi-regex/-/ansi-regex-2.1.1.tgz#c3b33ab5ee360d86e0e628f0468ae7ef27d654df"
  
  ansi-styles@^2.1.0:
    version "2.2.1"
    resolved "https://registry.yarnpkg.com/ansi-styles/-/ansi-styles-2.2.1.tgz#b432dd3358b634cf75e1e4664368240533c1ddbe"
  
  asap@~2.0.3:
    version "2.0.5"
    resolved "https://registry.yarnpkg.com/asap/-/asap-2.0.5.tgz#522765b50c3510490e52d7dcfe085ef9ba96958f"
  
  blueimp-md5@^2.5.0:
    version "2.7.0"
    resolved "https://registry.yarnpkg.com/blueimp-md5/-/blueimp-md5-2.7.0.tgz#7f518e0dd70467fefe28ecba398916092f2a02a9"
  
  builtin-modules@^1.0.0:
    version "1.1.1"
    resolved "https://registry.yarnpkg.com/builtin-modules/-/builtin-modules-1.1.1.tgz#270f076c5a72c02f5b65a47df94c5fe3a278892f"
  
  camelcase@^3.0.0:
    version "3.0.0"
    resolved "https://registry.yarnpkg.com/camelcase/-/camelcase-3.0.0.tgz#32fc4b9fcdaf845fcdf7e73bb97cac2261f0ab0a"
  
  chalk@1.1.1:
    version "1.1.1"
    resolved "https://registry.yarnpkg.com/chalk/-/chalk-1.1.1.tgz#509afb67066e7499f7eb3535c77445772ae2d019"
    dependencies:
      ansi-styles "^2.1.0"
      escape-string-regexp "^1.0.2"
      has-ansi "^2.0.0"
      strip-ansi "^3.0.0"
      supports-color "^2.0.0"
  
  clamp@^1.0.1:
    version "1.0.1"
    resolved "https://registry.yarnpkg.com/clamp/-/clamp-1.0.1.tgz#66a0e64011816e37196828fdc8c8c147312c8634"
  
  cliui@^3.2.0:
    version "3.2.0"
    resolved "https://registry.yarnpkg.com/cliui/-/cliui-3.2.0.tgz#120601537a916d29940f934da3b48d585a39213d"
    dependencies:
      string-width "^1.0.1"
      strip-ansi "^3.0.1"
      wrap-ansi "^2.0.0"
  
  clone@^1.0.2:
    version "1.0.2"
    resolved "https://registry.yarnpkg.com/clone/-/clone-1.0.2.tgz#260b7a99ebb1edfe247538175f783243cb19d149"
  
  code-point-at@^1.0.0:
    version "1.1.0"
    resolved "https://registry.yarnpkg.com/code-point-at/-/code-point-at-1.1.0.tgz#0d070b4d043a5bea33a2f1a40e2edb3d9a4ccf77"
  
  color-convert@^1.3.0:
    version "1.9.0"
    resolved "https://registry.yarnpkg.com/color-convert/-/color-convert-1.9.0.tgz#1accf97dd739b983bf994d56fec8f95853641b7a"
    dependencies:
      color-name "^1.1.1"
  
  color-name@^1.0.0, color-name@^1.1.1:
    version "1.1.1"
    resolved "https://registry.yarnpkg.com/color-name/-/color-name-1.1.1.tgz#4b1415304cf50028ea81643643bd82ea05803689"
  
  color-string@^0.3.0:
    version "0.3.0"
    resolved "https://registry.yarnpkg.com/color-string/-/color-string-0.3.0.tgz#27d46fb67025c5c2fa25993bfbf579e47841b991"
    dependencies:
      color-name "^1.0.0"
  
  color@~0.11.1:
    version "0.11.4"
    resolved "https://registry.yarnpkg.com/color/-/color-0.11.4.tgz#6d7b5c74fb65e841cd48792ad1ed5e07b904d764"
    dependencies:
      clone "^1.0.2"
      color-convert "^1.3.0"
      color-string "^0.3.0"
  
  core-js@^1.0.0:
    version "1.2.7"
    resolved "https://registry.yarnpkg.com/core-js/-/core-js-1.2.7.tgz#652294c14651db28fa93bd2d5ff2983a4f08c636"
  
  decamelize@^1.1.1:
    version "1.2.0"
    resolved "https://registry.yarnpkg.com/decamelize/-/decamelize-1.2.0.tgz#f6534d15148269b20352e7bee26f501f9a191290"
  
  encoding@^0.1.11:
    version "0.1.12"
    resolved "https://registry.yarnpkg.com/encoding/-/encoding-0.1.12.tgz#538b66f3ee62cd1ab51ec323829d1f9480c74beb"
    dependencies:
      iconv-lite "~0.4.13"
  
  error-ex@^1.2.0:
    version "1.3.0"
    resolved "https://registry.yarnpkg.com/error-ex/-/error-ex-1.3.0.tgz#e67b43f3e82c96ea3a584ffee0b9fc3325d802d9"
    dependencies:
      is-arrayish "^0.2.1"
  
  escape-string-regexp@^1.0.2:
    version "1.0.5"
    resolved "https://registry.yarnpkg.com/escape-string-regexp/-/escape-string-regexp-1.0.5.tgz#1b61c0562190a8dff6ae3bb2cf0200ca130b86d4"
  
  fbjs@^0.8.1, fbjs@^0.8.4:
    version "0.8.9"
    resolved "https://registry.yarnpkg.com/fbjs/-/fbjs-0.8.9.tgz#180247fbd347dcc9004517b904f865400a0c8f14"
    dependencies:
      core-js "^1.0.0"
      isomorphic-fetch "^2.1.1"
      loose-envify "^1.0.0"
      object-assign "^4.1.0"
      promise "^7.1.1"
      setimmediate "^1.0.5"
      ua-parser-js "^0.7.9"
  
  find-up@^1.0.0:
    version "1.1.2"
    resolved "https://registry.yarnpkg.com/find-up/-/find-up-1.1.2.tgz#6b2e9822b1a2ce0a60ab64d610eccad53cb24d0f"
    dependencies:
      path-exists "^2.0.0"
      pinkie-promise "^2.0.0"
  
  fs-extra@^2.0.0:
    version "2.0.0"
    resolved "https://registry.yarnpkg.com/fs-extra/-/fs-extra-2.0.0.tgz#337352bded4a0b714f3eb84de8cea765e9d37600"
    dependencies:
      graceful-fs "^4.1.2"
      jsonfile "^2.1.0"
  
  get-caller-file@^1.0.1:
    version "1.0.2"
    resolved "https://registry.yarnpkg.com/get-caller-file/-/get-caller-file-1.0.2.tgz#f702e63127e7e231c160a80c1554acb70d5047e5"
  
  graceful-fs@^4.1.2, graceful-fs@^4.1.6:
    version "4.1.11"
    resolved "https://registry.yarnpkg.com/graceful-fs/-/graceful-fs-4.1.11.tgz#0e8bdfe4d1ddb8854d64e04ea7c00e2a026e5658"
  
  has-ansi@^2.0.0:
    version "2.0.0"
    resolved "https://registry.yarnpkg.com/has-ansi/-/has-ansi-2.0.0.tgz#34f5049ce1ecdf2b0649af3ef24e45ed35416d91"
    dependencies:
      ansi-regex "^2.0.0"
  
  hoist-non-react-statics@^1.0.5, hoist-non-react-statics@^1.2.0:
    version "1.2.0"
    resolved "https://registry.yarnpkg.com/hoist-non-react-statics/-/hoist-non-react-statics-1.2.0.tgz#aa448cf0986d55cc40773b17174b7dd066cb7cfb"
  
  hosted-git-info@^2.1.4:
    version "2.2.0"
    resolved "https://registry.yarnpkg.com/hosted-git-info/-/hosted-git-info-2.2.0.tgz#7a0d097863d886c0fabbdcd37bf1758d8becf8a5"
  
  iconv-lite@~0.4.13:
    version "0.4.15"
    resolved "https://registry.yarnpkg.com/iconv-lite/-/iconv-lite-0.4.15.tgz#fe265a218ac6a57cfe854927e9d04c19825eddeb"
  
  invert-kv@^1.0.0:
    version "1.0.0"
    resolved "https://registry.yarnpkg.com/invert-kv/-/invert-kv-1.0.0.tgz#104a8e4aaca6d3d8cd157a8ef8bfab2d7a3ffdb6"
  
  is-arrayish@^0.2.1:
    version "0.2.1"
    resolved "https://registry.yarnpkg.com/is-arrayish/-/is-arrayish-0.2.1.tgz#77c99840527aa8ecb1a8ba697b80645a7a926a9d"
  
  is-builtin-module@^1.0.0:
    version "1.0.0"
    resolved "https://registry.yarnpkg.com/is-builtin-module/-/is-builtin-module-1.0.0.tgz#540572d34f7ac3119f8f76c30cbc1b1e037affbe"
    dependencies:
      builtin-modules "^1.0.0"
  
  is-fullwidth-code-point@^1.0.0:
    version "1.0.0"
    resolved "https://registry.yarnpkg.com/is-fullwidth-code-point/-/is-fullwidth-code-point-1.0.0.tgz#ef9e31386f031a7f0d643af82fde50c457ef00cb"
    dependencies:
      number-is-nan "^1.0.0"
  
  is-stream@^1.0.1:
    version "1.1.0"
    resolved "https://registry.yarnpkg.com/is-stream/-/is-stream-1.1.0.tgz#12d4a3dd4e68e0b79ceb8dbc84173ae80d91ca44"
  
  is-utf8@^0.2.0:
    version "0.2.1"
    resolved "https://registry.yarnpkg.com/is-utf8/-/is-utf8-0.2.1.tgz#4b0da1442104d1b336340e80797e865cf39f7d72"
  
  isomorphic-fetch@^2.1.1:
    version "2.2.1"
    resolved "https://registry.yarnpkg.com/isomorphic-fetch/-/isomorphic-fetch-2.2.1.tgz#611ae1acf14f5e81f729507472819fe9733558a9"
    dependencies:
      node-fetch "^1.0.1"
      whatwg-fetch ">=0.10.0"
  
  js-tokens@^3.0.0:
    version "3.0.1"
    resolved "https://registry.yarnpkg.com/js-tokens/-/js-tokens-3.0.1.tgz#08e9f132484a2c45a30907e9dc4d5567b7f114d7"
  
  jsonfile@^2.1.0:
    version "2.4.0"
    resolved "https://registry.yarnpkg.com/jsonfile/-/jsonfile-2.4.0.tgz#3736a2b428b87bbda0cc83b53fa3d633a35c2ae8"
    optionalDependencies:
      graceful-fs "^4.1.6"
  
  lcid@^1.0.0:
    version "1.0.0"
    resolved "https://registry.yarnpkg.com/lcid/-/lcid-1.0.0.tgz#308accafa0bc483a3867b4b6f2b9506251d1b835"
    dependencies:
      invert-kv "^1.0.0"
  
  load-json-file@^1.0.0:
    version "1.1.0"
    resolved "https://registry.yarnpkg.com/load-json-file/-/load-json-file-1.1.0.tgz#956905708d58b4bab4c2261b04f59f31c99374c0"
    dependencies:
      graceful-fs "^4.1.2"
      parse-json "^2.2.0"
      pify "^2.0.0"
      pinkie-promise "^2.0.0"
      strip-bom "^2.0.0"
  
  lodash@^4.0.0, lodash@^4.11.1, lodash@~4.11.1:
    version "4.11.2"
    resolved "https://registry.yarnpkg.com/lodash/-/lodash-4.11.2.tgz#d6b4338b110a58e21dae5cebcfdbbfd2bc4cdb3b"
  
  lodash@^4.10.1, lodash@^4.15.0:
    version "4.17.4"
    resolved "https://registry.yarnpkg.com/lodash/-/lodash-4.17.4.tgz#78203a4d1c328ae1d86dca6460e369b57f4055ae"
  
  loose-envify@^1.0.0, loose-envify@^1.1.0:
    version "1.3.1"
    resolved "https://registry.yarnpkg.com/loose-envify/-/loose-envify-1.3.1.tgz#d1a8ad33fa9ce0e713d65fdd0ac8b748d478c848"
    dependencies:
      js-tokens "^3.0.0"
  
  native-base@^2.0.8:
    version "2.0.8"
    resolved "https://registry.yarnpkg.com/native-base/-/native-base-2.0.8.tgz#5b096a32bc8619d3f84dd3e290f2af0abdc8692e"
    dependencies:
      "@shoutem/animation" "^0.8.9"
      "@shoutem/theme" "git+https://github.com/GeekyAnts/theme.git"
      blueimp-md5 "^2.5.0"
      clamp "^1.0.1"
      color "~0.11.1"
      fs-extra "^2.0.0"
      lodash "~4.11.1"
      print-message "^2.1.0"
      react-native-drawer "^2.3.0"
      react-native-easy-grid "0.1.7"
      react-native-keyboard-aware-scroll-view "0.2.7"
      react-native-scrollable-tab-view "^0.7.1"
      react-native-vector-icons "~4.0.0"
      react-tween-state "^0.1.5"
      tween-functions "^1.0.1"
  
  node-fetch@^1.0.1:
    version "1.6.3"
    resolved "https://registry.yarnpkg.com/node-fetch/-/node-fetch-1.6.3.tgz#dc234edd6489982d58e8f0db4f695029abcd8c04"
    dependencies:
      encoding "^0.1.11"
      is-stream "^1.0.1"
  
  normalize-package-data@^2.3.2:
    version "2.3.5"
    resolved "https://registry.yarnpkg.com/normalize-package-data/-/normalize-package-data-2.3.5.tgz#8d924f142960e1777e7ffe170543631cc7cb02df"
    dependencies:
      hosted-git-info "^2.1.4"
      is-builtin-module "^1.0.0"
      semver "2 || 3 || 4 || 5"
      validate-npm-package-license "^3.0.1"
  
  number-is-nan@^1.0.0:
    version "1.0.1"
    resolved "https://registry.yarnpkg.com/number-is-nan/-/number-is-nan-1.0.1.tgz#097b602b53422a522c1afb8790318336941a011d"
  
  object-assign@^4.1.0:
    version "4.1.1"
    resolved "https://registry.yarnpkg.com/object-assign/-/object-assign-4.1.1.tgz#2109adc7965887cfc05cbbd442cac8bfbb360863"
  
  os-locale@^1.4.0:
    version "1.4.0"
    resolved "https://registry.yarnpkg.com/os-locale/-/os-locale-1.4.0.tgz#20f9f17ae29ed345e8bde583b13d2009803c14d9"
    dependencies:
      lcid "^1.0.0"
  
  parse-json@^2.2.0:
    version "2.2.0"
    resolved "https://registry.yarnpkg.com/parse-json/-/parse-json-2.2.0.tgz#f480f40434ef80741f8469099f8dea18f55a4dc9"
    dependencies:
      error-ex "^1.2.0"
  
  path-exists@^2.0.0:
    version "2.1.0"
    resolved "https://registry.yarnpkg.com/path-exists/-/path-exists-2.1.0.tgz#0feb6c64f0fc518d9a754dd5efb62c7022761f4b"
    dependencies:
      pinkie-promise "^2.0.0"
  
  path-type@^1.0.0:
    version "1.1.0"
    resolved "https://registry.yarnpkg.com/path-type/-/path-type-1.1.0.tgz#59c44f7ee491da704da415da5a4070ba4f8fe441"
    dependencies:
      graceful-fs "^4.1.2"
      pify "^2.0.0"
      pinkie-promise "^2.0.0"
  
  performance-now@~0.2.0:
    version "0.2.0"
    resolved "https://registry.yarnpkg.com/performance-now/-/performance-now-0.2.0.tgz#33ef30c5c77d4ea21c5a53869d91b56d8f2555e5"
  
  pify@^2.0.0:
    version "2.3.0"
    resolved "https://registry.yarnpkg.com/pify/-/pify-2.3.0.tgz#ed141a6ac043a849ea588498e7dca8b15330e90c"
  
  pinkie-promise@^2.0.0:
    version "2.0.1"
    resolved "https://registry.yarnpkg.com/pinkie-promise/-/pinkie-promise-2.0.1.tgz#2135d6dfa7a358c069ac9b178776288228450ffa"
    dependencies:
      pinkie "^2.0.0"
  
  pinkie@^2.0.0:
    version "2.0.4"
    resolved "https://registry.yarnpkg.com/pinkie/-/pinkie-2.0.4.tgz#72556b80cfa0d48a974e80e77248e80ed4f7f870"
  
  print-message@^2.1.0:
    version "2.1.0"
    resolved "https://registry.yarnpkg.com/print-message/-/print-message-2.1.0.tgz#b5588ed08b0e1bf77ac7bcb5cb78004afaf9a891"
    dependencies:
      chalk "1.1.1"
  
  promise@^7.1.1:
    version "7.1.1"
    resolved "https://registry.yarnpkg.com/promise/-/promise-7.1.1.tgz#489654c692616b8aa55b0724fa809bb7db49c5bf"
    dependencies:
      asap "~2.0.3"
  
  raf@^3.1.0:
    version "3.3.0"
    resolved "https://registry.yarnpkg.com/raf/-/raf-3.3.0.tgz#93845eeffc773f8129039f677f80a36044eee2c3"
    dependencies:
      performance-now "~0.2.0"
  
  react-addons-css-transition-group@^15.4.2:
    version "15.4.2"
    resolved "https://registry.yarnpkg.com/react-addons-css-transition-group/-/react-addons-css-transition-group-15.4.2.tgz#b7828834dfa14229fe07750e331e8a8cb6fb7745"
    dependencies:
      fbjs "^0.8.4"
      object-assign "^4.1.0"
  
  react-dom@^15.4.2:
    version "15.4.2"
    resolved "https://registry.yarnpkg.com/react-dom/-/react-dom-15.4.2.tgz#015363f05b0a1fd52ae9efdd3a0060d90695208f"
    dependencies:
      fbjs "^0.8.1"
      loose-envify "^1.1.0"
      object-assign "^4.1.0"
  
  react-native-drawer@^2.3.0:
    version "2.3.0"
    resolved "https://registry.yarnpkg.com/react-native-drawer/-/react-native-drawer-2.3.0.tgz#a0369ec80ff0b61c9f152dbdea91fe76c843113a"
    dependencies:
      tween-functions "^1.0.1"
  
  react-native-easy-grid@0.1.7:
    version "0.1.7"
    resolved "https://registry.yarnpkg.com/react-native-easy-grid/-/react-native-easy-grid-0.1.7.tgz#44205cc39adff32a8a20efa8451d76a4499f0a3f"
    dependencies:
      lodash "^4.11.1"
  
  react-native-keyboard-aware-scroll-view@0.2.7:
    version "0.2.7"
    resolved "https://registry.yarnpkg.com/react-native-keyboard-aware-scroll-view/-/react-native-keyboard-aware-scroll-view-0.2.7.tgz#dd344cec25284b6314f1cc9d1b75ba267483c6b6"
    dependencies:
      react-timer-mixin "^0.13.3"
  
  react-native-scrollable-tab-view@^0.7.1:
    version "0.7.2"
    resolved "https://registry.yarnpkg.com/react-native-scrollable-tab-view/-/react-native-scrollable-tab-view-0.7.2.tgz#8d35bfdcd922d22beb8cbb079be277e09e86978a"
    dependencies:
      react-timer-mixin "^0.13.3"
  
  react-native-vector-icons@~4.0.0:
    version "4.0.0"
    resolved "https://registry.yarnpkg.com/react-native-vector-icons/-/react-native-vector-icons-4.0.0.tgz#6a2f8f4c6ace613aed7748cd530809283e5b1538"
    dependencies:
      lodash "^4.0.0"
      yargs "^6.3.0"
  
  react-timer-mixin@^0.13.3:
    version "0.13.3"
    resolved "https://registry.yarnpkg.com/react-timer-mixin/-/react-timer-mixin-0.13.3.tgz#0da8b9f807ec07dc3e854d082c737c65605b3d22"
  
  react-tween-state@^0.1.5:
    version "0.1.5"
    resolved "https://registry.yarnpkg.com/react-tween-state/-/react-tween-state-0.1.5.tgz#e98b066551efb93cb92dd1be14995c2e3deae339"
    dependencies:
      raf "^3.1.0"
      tween-functions "^1.0.1"
  
  react@^15.4.2:
    version "15.4.2"
    resolved "https://registry.yarnpkg.com/react/-/react-15.4.2.tgz#41f7991b26185392ba9bae96c8889e7e018397ef"
    dependencies:
      fbjs "^0.8.4"
      loose-envify "^1.1.0"
      object-assign "^4.1.0"
  
  read-pkg-up@^1.0.1:
    version "1.0.1"
    resolved "https://registry.yarnpkg.com/read-pkg-up/-/read-pkg-up-1.0.1.tgz#9d63c13276c065918d57f002a57f40a1b643fb02"
    dependencies:
      find-up "^1.0.0"
      read-pkg "^1.0.0"
  
  read-pkg@^1.0.0:
    version "1.1.0"
    resolved "https://registry.yarnpkg.com/read-pkg/-/read-pkg-1.1.0.tgz#f5ffaa5ecd29cb31c0474bca7d756b6bb29e3f28"
    dependencies:
      load-json-file "^1.0.0"
      normalize-package-data "^2.3.2"
      path-type "^1.0.0"
  
  require-directory@^2.1.1:
    version "2.1.1"
    resolved "https://registry.yarnpkg.com/require-directory/-/require-directory-2.1.1.tgz#8c64ad5fd30dab1c976e2344ffe7f792a6a6df42"
  
  require-main-filename@^1.0.1:
    version "1.0.1"
    resolved "https://registry.yarnpkg.com/require-main-filename/-/require-main-filename-1.0.1.tgz#97f717b69d48784f5f526a6c5aa8ffdda055a4d1"
  
  "semver@2 || 3 || 4 || 5":
    version "5.3.0"
    resolved "https://registry.yarnpkg.com/semver/-/semver-5.3.0.tgz#9b2ce5d3de02d17c6012ad326aa6b4d0cf54f94f"
  
  set-blocking@^2.0.0:
    version "2.0.0"
    resolved "https://registry.yarnpkg.com/set-blocking/-/set-blocking-2.0.0.tgz#045f9782d011ae9a6803ddd382b24392b3d890f7"
  
  setimmediate@^1.0.5:
    version "1.0.5"
    resolved "https://registry.yarnpkg.com/setimmediate/-/setimmediate-1.0.5.tgz#290cbb232e306942d7d7ea9b83732ab7856f8285"
  
  spdx-correct@~1.0.0:
    version "1.0.2"
    resolved "https://registry.yarnpkg.com/spdx-correct/-/spdx-correct-1.0.2.tgz#4b3073d933ff51f3912f03ac5519498a4150db40"
    dependencies:
      spdx-license-ids "^1.0.2"
  
  spdx-expression-parse@~1.0.0:
    version "1.0.4"
    resolved "https://registry.yarnpkg.com/spdx-expression-parse/-/spdx-expression-parse-1.0.4.tgz#9bdf2f20e1f40ed447fbe273266191fced51626c"
  
  spdx-license-ids@^1.0.2:
    version "1.2.2"
    resolved "https://registry.yarnpkg.com/spdx-license-ids/-/spdx-license-ids-1.2.2.tgz#c9df7a3424594ade6bd11900d596696dc06bac57"
  
  string-width@^1.0.1, string-width@^1.0.2:
    version "1.0.2"
    resolved "https://registry.yarnpkg.com/string-width/-/string-width-1.0.2.tgz#118bdf5b8cdc51a2a7e70d211e07e2b0b9b107d3"
    dependencies:
      code-point-at "^1.0.0"
      is-fullwidth-code-point "^1.0.0"
      strip-ansi "^3.0.0"
  
  strip-ansi@^3.0.0, strip-ansi@^3.0.1:
    version "3.0.1"
    resolved "https://registry.yarnpkg.com/strip-ansi/-/strip-ansi-3.0.1.tgz#6a385fb8853d952d5ff05d0e8aaf94278dc63dcf"
    dependencies:
      ansi-regex "^2.0.0"
  
  strip-bom@^2.0.0:
    version "2.0.0"
    resolved "https://registry.yarnpkg.com/strip-bom/-/strip-bom-2.0.0.tgz#6219a85616520491f35788bdbf1447a99c7e6b0e"
    dependencies:
      is-utf8 "^0.2.0"
  
  supports-color@^2.0.0:
    version "2.0.0"
    resolved "https://registry.yarnpkg.com/supports-color/-/supports-color-2.0.0.tgz#535d045ce6b6363fa40117084629995e9df324c7"
  
  tween-functions@^1.0.1:
    version "1.2.0"
    resolved "https://registry.yarnpkg.com/tween-functions/-/tween-functions-1.2.0.tgz#1ae3a50e7c60bb3def774eac707acbca73bbc3ff"
  
  ua-parser-js@^0.7.9:
    version "0.7.12"
    resolved "https://registry.yarnpkg.com/ua-parser-js/-/ua-parser-js-0.7.12.tgz#04c81a99bdd5dc52263ea29d24c6bf8d4818a4bb"
  
  validate-npm-package-license@^3.0.1:
    version "3.0.1"
    resolved "https://registry.yarnpkg.com/validate-npm-package-license/-/validate-npm-package-license-3.0.1.tgz#2804babe712ad3379459acfbe24746ab2c303fbc"
    dependencies:
      spdx-correct "~1.0.0"
      spdx-expression-parse "~1.0.0"
  
  whatwg-fetch@>=0.10.0:
    version "2.0.2"
    resolved "https://registry.yarnpkg.com/whatwg-fetch/-/whatwg-fetch-2.0.2.tgz#fe294d1d89e36c5be8b3195057f2e4bc74fc980e"
  
  which-module@^1.0.0:
    version "1.0.0"
    resolved "https://registry.yarnpkg.com/which-module/-/which-module-1.0.0.tgz#bba63ca861948994ff307736089e3b96026c2a4f"
  
  wrap-ansi@^2.0.0:
    version "2.1.0"
    resolved "https://registry.yarnpkg.com/wrap-ansi/-/wrap-ansi-2.1.0.tgz#d8fc3d284dd05794fe84973caecdd1cf824fdd85"
    dependencies:
      string-width "^1.0.1"
      strip-ansi "^3.0.1"
  
  y18n@^3.2.1:
    version "3.2.1"
    resolved "https://registry.yarnpkg.com/y18n/-/y18n-3.2.1.tgz#6d15fba884c08679c0d77e88e7759e811e07fa41"
  
  yargs-parser@^4.2.0:
    version "4.2.1"
    resolved "https://registry.yarnpkg.com/yargs-parser/-/yargs-parser-4.2.1.tgz#29cceac0dc4f03c6c87b4a9f217dd18c9f74871c"
    dependencies:
      camelcase "^3.0.0"
  
  yargs@^6.3.0:
    version "6.6.0"
    resolved "https://registry.yarnpkg.com/yargs/-/yargs-6.6.0.tgz#782ec21ef403345f830a808ca3d513af56065208"
    dependencies:
      camelcase "^3.0.0"
      cliui "^3.2.0"
      decamelize "^1.1.1"
      get-caller-file "^1.0.1"
      os-locale "^1.4.0"
      read-pkg-up "^1.0.1"
      require-directory "^2.1.1"
      require-main-filename "^1.0.1"
      set-blocking "^2.0.0"
      string-width "^1.0.2"
      which-module "^1.0.0"
      y18n "^3.2.1"
      yargs-parser "^4.2.0"

Trace: 
  Error: EACCES: permission denied, mkdir '/home/sathish/Projects/purescript-nativebase/node_modules/jshint/node_modules/.bin'
      at Error (native)
